<?xml version="1.0" encoding="UTF-8"?>
<!-- Generated by org.testng.reporters.JUnitXMLReporter -->
<testsuite ignored="0" hostname="MSI" failures="0" tests="4" name="Default test" time="6.306" errors="0" timestamp="2023-11-10T16:43:59 IST">
  <testcase classname="PhaseEndProject.Assignment003" name="Get003" time="2.559"/>
  <testcase classname="PhaseEndProject.Assignment003" name="assignment004login" time="1.168"/>
  <testcase classname="PhaseEndProject.Assignment003" name="Assignment005" time="1.42"/>
  <testcase classname="PhaseEndProject.Assignment003" name="assignment006" time="1.119"/>
</testsuite> <!-- Default test -->
