<?xml version="1.0" encoding="UTF-8"?>
<testng-results ignored="0" total="1" passed="1" failed="0" skipped="0">
  <reporter-output>
  </reporter-output>
  <suite started-at="2023-10-25T09:34:46 IST" name="Default suite" finished-at="2023-10-25T09:34:56 IST" duration-ms="9145">
    <groups>
    </groups>
    <test started-at="2023-10-25T09:34:46 IST" name="Default test" finished-at="2023-10-25T09:34:56 IST" duration-ms="9145">
      <class name="StarHealthHomePage.StarHealth002">
        <test-method is-config="true" signature="printStarHealthLinks()[pri:0, instance:StarHealthHomePage.StarHealth002@4082ba93]" started-at="2023-10-25T09:34:46 IST" name="printStarHealthLinks" finished-at="2023-10-25T09:34:51 IST" duration-ms="4493" status="PASS">
          <reporter-output>
          </reporter-output>
        </test-method> <!-- printStarHealthLinks -->
        <test-method signature="links()[pri:0, instance:StarHealthHomePage.StarHealth002@4082ba93]" started-at="2023-10-25T09:34:51 IST" name="links" finished-at="2023-10-25T09:34:55 IST" duration-ms="3944" status="PASS">
          <reporter-output>
          </reporter-output>
        </test-method> <!-- links -->
        <test-method is-config="true" signature="teadrdown()[pri:0, instance:StarHealthHomePage.StarHealth002@4082ba93]" started-at="2023-10-25T09:34:55 IST" name="teadrdown" finished-at="2023-10-25T09:34:56 IST" duration-ms="655" status="PASS">
          <reporter-output>
          </reporter-output>
        </test-method> <!-- teadrdown -->
      </class> <!-- StarHealthHomePage.StarHealth002 -->
    </test> <!-- Default test -->
  </suite> <!-- Default suite -->
</testng-results>
