<?xml version="1.0" encoding="UTF-8"?>
<testng-results ignored="0" total="1" passed="1" failed="0" skipped="0">
  <reporter-output>
  </reporter-output>
  <suite started-at="2023-11-15T13:14:19 IST" name="Default suite" finished-at="2023-11-15T13:14:20 IST" duration-ms="1006">
    <groups>
    </groups>
    <test started-at="2023-11-15T13:14:19 IST" name="Default test" finished-at="2023-11-15T13:14:20 IST" duration-ms="1006">
      <class name="com.sportyShoe.RestAssured.DeletingShoe">
        <test-method signature="delshoe()[pri:0, instance:com.sportyShoe.RestAssured.DeletingShoe@7161d8d1]" started-at="2023-11-15T13:14:19 IST" name="delshoe" finished-at="2023-11-15T13:14:20 IST" duration-ms="972" status="PASS">
          <reporter-output>
          </reporter-output>
        </test-method> <!-- delshoe -->
      </class> <!-- com.sportyShoe.RestAssured.DeletingShoe -->
    </test> <!-- Default test -->
  </suite> <!-- Default suite -->
</testng-results>
