<?xml version="1.0" encoding="UTF-8"?>
<testng-results ignored="0" total="1" passed="1" failed="0" skipped="0">
  <reporter-output>
  </reporter-output>
  <suite started-at="2023-10-12T16:30:49 IST" name="Default suite" finished-at="2023-10-12T16:30:57 IST" duration-ms="8220">
    <groups>
    </groups>
    <test started-at="2023-10-12T16:30:49 IST" name="Default test" finished-at="2023-10-12T16:30:57 IST" duration-ms="8220">
      <class name="com.app.jenkins.TestJenkins$Seleniumtest1">
        <test-method signature="method1()[pri:0, instance:com.app.jenkins.TestJenkins$Seleniumtest1@2e8c1c9b]" started-at="2023-10-12T16:30:49 IST" name="method1" finished-at="2023-10-12T16:30:57 IST" duration-ms="8189" status="PASS">
          <reporter-output>
          </reporter-output>
        </test-method> <!-- method1 -->
      </class> <!-- com.app.jenkins.TestJenkins$Seleniumtest1 -->
    </test> <!-- Default test -->
  </suite> <!-- Default suite -->
</testng-results>
