<?xml version="1.0" encoding="UTF-8"?>
<testng-results ignored="3" total="8" passed="5" failed="0" skipped="0">
  <reporter-output>
  </reporter-output>
  <suite started-at="2023-10-12T15:41:42 IST" name="test1" finished-at="2023-10-12T15:42:21 IST" duration-ms="39559">
    <groups>
    </groups>
    <test started-at="2023-10-12T15:41:42 IST" name="POMframework" finished-at="2023-10-12T15:42:21 IST" duration-ms="39559">
      <class name="com.ninja.qa.TestPages.TestRegisterPage">
        <test-method is-config="true" signature="InitalizeExtentReport()[pri:0, instance:com.ninja.qa.TestPages.TestRegisterPage@712625fd]" started-at="2023-10-12T15:41:42 IST" name="InitalizeExtentReport" finished-at="2023-10-12T15:41:42 IST" duration-ms="187" status="PASS">
          <reporter-output>
          </reporter-output>
        </test-method> <!-- InitalizeExtentReport -->
        <test-method is-config="true" signature="getnameMethod(org.testng.ITestContext)[pri:0, instance:com.ninja.qa.TestPages.TestRegisterPage@712625fd]" started-at="2023-10-12T15:41:42 IST" name="getnameMethod" finished-at="2023-10-12T15:41:42 IST" duration-ms="6" status="PASS">
          <params>
            <param index="0">
              <value>
                <![CDATA[org.testng.TestRunner@2c16677c]]>
              </value>
            </param>
          </params>
          <reporter-output>
          </reporter-output>
        </test-method> <!-- getnameMethod -->
        <test-method is-config="true" signature="OpenApp()[pri:0, instance:com.ninja.qa.TestPages.TestRegisterPage@712625fd]" started-at="2023-10-12T15:41:42 IST" name="OpenApp" finished-at="2023-10-12T15:41:46 IST" duration-ms="3305" status="PASS">
          <reporter-output>
          </reporter-output>
        </test-method> <!-- OpenApp -->
        <test-method signature="testregisterUser(java.lang.String,java.lang.String,java.lang.String,java.lang.String,java.lang.String,java.lang.String)[pri:49, instance:com.ninja.qa.TestPages.TestRegisterPage@712625fd]" started-at="2023-10-12T15:41:46 IST" name="testregisterUser" data-provider="Testdata1" finished-at="2023-10-12T15:42:04 IST" duration-ms="18889" status="PASS">
          <params>
            <param index="0">
              <value>
                <![CDATA[admin1]]>
              </value>
            </param>
            <param index="1">
              <value>
                <![CDATA[admi1]]>
              </value>
            </param>
            <param index="2">
              <value>
                <![CDATA[admin1@gmail.com]]>
              </value>
            </param>
            <param index="3">
              <value>
                <![CDATA[1.1111111E7]]>
              </value>
            </param>
            <param index="4">
              <value>
                <![CDATA[admin1]]>
              </value>
            </param>
            <param index="5">
              <value>
                <![CDATA[admin1]]>
              </value>
            </param>
          </params>
          <reporter-output>
          </reporter-output>
        </test-method> <!-- testregisterUser -->
        <test-method is-config="true" signature="CloseApp()[pri:0, instance:com.ninja.qa.TestPages.TestRegisterPage@712625fd]" started-at="2023-10-12T15:42:04 IST" name="CloseApp" finished-at="2023-10-12T15:42:05 IST" duration-ms="192" status="PASS">
          <reporter-output>
          </reporter-output>
        </test-method> <!-- CloseApp -->
        <test-method is-config="true" signature="generateTestStatus(java.lang.reflect.Method,org.testng.ITestResult)[pri:0, instance:com.ninja.qa.TestPages.TestRegisterPage@712625fd]" started-at="2023-10-12T15:42:05 IST" name="generateTestStatus" finished-at="2023-10-12T15:42:05 IST" duration-ms="7" status="PASS">
          <params>
            <param index="0">
              <value>
                <![CDATA[public void com.ninja.qa.TestPages.TestRegisterPage.testregisterUser(java.lang.String,java.lang.String,java.lang.String,java.lang.String,java.lang.String,java.lang.String) throws java.lang.InterruptedException]]>
              </value>
            </param>
            <param index="1">
              <value>
                <![CDATA[[TestResult name=testregisterUser status=SUCCESS method=TestRegisterPage.testregisterUser(java.lang.String,java.lang.String,java.lang.String,java.lang.String,java.lang.String,java.lang.String)[pri:49, instance:com.ninja.qa.TestPages.TestRegisterPage@712625fd] output={null}]]]>
              </value>
            </param>
          </params>
          <reporter-output>
          </reporter-output>
        </test-method> <!-- generateTestStatus -->
        <test-method is-config="true" signature="OpenApp()[pri:0, instance:com.ninja.qa.TestPages.TestRegisterPage@712625fd]" started-at="2023-10-12T15:42:05 IST" name="OpenApp" finished-at="2023-10-12T15:42:06 IST" duration-ms="1582" status="PASS">
          <reporter-output>
          </reporter-output>
        </test-method> <!-- OpenApp -->
        <test-method signature="testregisterUser(java.lang.String,java.lang.String,java.lang.String,java.lang.String,java.lang.String,java.lang.String)[pri:49, instance:com.ninja.qa.TestPages.TestRegisterPage@712625fd]" started-at="2023-10-12T15:42:06 IST" name="testregisterUser" data-provider="Testdata1" finished-at="2023-10-12T15:42:09 IST" duration-ms="2464" status="PASS">
          <params>
            <param index="0">
              <value>
                <![CDATA[admin2]]>
              </value>
            </param>
            <param index="1">
              <value>
                <![CDATA[admi2]]>
              </value>
            </param>
            <param index="2">
              <value>
                <![CDATA[admin2@gmail.com]]>
              </value>
            </param>
            <param index="3">
              <value>
                <![CDATA[1.1111111E7]]>
              </value>
            </param>
            <param index="4">
              <value>
                <![CDATA[admin1]]>
              </value>
            </param>
            <param index="5">
              <value>
                <![CDATA[admin1]]>
              </value>
            </param>
          </params>
          <reporter-output>
          </reporter-output>
        </test-method> <!-- testregisterUser -->
        <test-method is-config="true" signature="CloseApp()[pri:0, instance:com.ninja.qa.TestPages.TestRegisterPage@712625fd]" started-at="2023-10-12T15:42:09 IST" name="CloseApp" finished-at="2023-10-12T15:42:09 IST" duration-ms="128" status="PASS">
          <reporter-output>
          </reporter-output>
        </test-method> <!-- CloseApp -->
        <test-method is-config="true" signature="generateTestStatus(java.lang.reflect.Method,org.testng.ITestResult)[pri:0, instance:com.ninja.qa.TestPages.TestRegisterPage@712625fd]" started-at="2023-10-12T15:42:09 IST" name="generateTestStatus" finished-at="2023-10-12T15:42:09 IST" duration-ms="2" status="PASS">
          <params>
            <param index="0">
              <value>
                <![CDATA[public void com.ninja.qa.TestPages.TestRegisterPage.testregisterUser(java.lang.String,java.lang.String,java.lang.String,java.lang.String,java.lang.String,java.lang.String) throws java.lang.InterruptedException]]>
              </value>
            </param>
            <param index="1">
              <value>
                <![CDATA[[TestResult name=testregisterUser status=SUCCESS method=TestRegisterPage.testregisterUser(java.lang.String,java.lang.String,java.lang.String,java.lang.String,java.lang.String,java.lang.String)[pri:49, instance:com.ninja.qa.TestPages.TestRegisterPage@712625fd] output={null}]]]>
              </value>
            </param>
          </params>
          <reporter-output>
          </reporter-output>
        </test-method> <!-- generateTestStatus -->
        <test-method is-config="true" signature="OpenApp()[pri:0, instance:com.ninja.qa.TestPages.TestRegisterPage@712625fd]" started-at="2023-10-12T15:42:09 IST" name="OpenApp" finished-at="2023-10-12T15:42:11 IST" duration-ms="1661" status="PASS">
          <reporter-output>
          </reporter-output>
        </test-method> <!-- OpenApp -->
        <test-method signature="testregisterUser(java.lang.String,java.lang.String,java.lang.String,java.lang.String,java.lang.String,java.lang.String)[pri:49, instance:com.ninja.qa.TestPages.TestRegisterPage@712625fd]" started-at="2023-10-12T15:42:11 IST" name="testregisterUser" data-provider="Testdata1" finished-at="2023-10-12T15:42:13 IST" duration-ms="2468" status="PASS">
          <params>
            <param index="0">
              <value>
                <![CDATA[admin3]]>
              </value>
            </param>
            <param index="1">
              <value>
                <![CDATA[admi3]]>
              </value>
            </param>
            <param index="2">
              <value>
                <![CDATA[admin3@gmail.com]]>
              </value>
            </param>
            <param index="3">
              <value>
                <![CDATA[1.1111111E7]]>
              </value>
            </param>
            <param index="4">
              <value>
                <![CDATA[admin1]]>
              </value>
            </param>
            <param index="5">
              <value>
                <![CDATA[admin1]]>
              </value>
            </param>
          </params>
          <reporter-output>
          </reporter-output>
        </test-method> <!-- testregisterUser -->
        <test-method is-config="true" signature="CloseApp()[pri:0, instance:com.ninja.qa.TestPages.TestRegisterPage@712625fd]" started-at="2023-10-12T15:42:13 IST" name="CloseApp" finished-at="2023-10-12T15:42:13 IST" duration-ms="131" status="PASS">
          <reporter-output>
          </reporter-output>
        </test-method> <!-- CloseApp -->
        <test-method is-config="true" signature="generateTestStatus(java.lang.reflect.Method,org.testng.ITestResult)[pri:0, instance:com.ninja.qa.TestPages.TestRegisterPage@712625fd]" started-at="2023-10-12T15:42:13 IST" name="generateTestStatus" finished-at="2023-10-12T15:42:13 IST" duration-ms="1" status="PASS">
          <params>
            <param index="0">
              <value>
                <![CDATA[public void com.ninja.qa.TestPages.TestRegisterPage.testregisterUser(java.lang.String,java.lang.String,java.lang.String,java.lang.String,java.lang.String,java.lang.String) throws java.lang.InterruptedException]]>
              </value>
            </param>
            <param index="1">
              <value>
                <![CDATA[[TestResult name=testregisterUser status=SUCCESS method=TestRegisterPage.testregisterUser(java.lang.String,java.lang.String,java.lang.String,java.lang.String,java.lang.String,java.lang.String)[pri:49, instance:com.ninja.qa.TestPages.TestRegisterPage@712625fd] output={null}]]]>
              </value>
            </param>
          </params>
          <reporter-output>
          </reporter-output>
        </test-method> <!-- generateTestStatus -->
        <test-method is-config="true" signature="OpenApp()[pri:0, instance:com.ninja.qa.TestPages.TestRegisterPage@712625fd]" started-at="2023-10-12T15:42:13 IST" name="OpenApp" finished-at="2023-10-12T15:42:15 IST" duration-ms="1541" status="PASS">
          <reporter-output>
          </reporter-output>
        </test-method> <!-- OpenApp -->
        <test-method signature="testregisterUser(java.lang.String,java.lang.String,java.lang.String,java.lang.String,java.lang.String,java.lang.String)[pri:49, instance:com.ninja.qa.TestPages.TestRegisterPage@712625fd]" started-at="2023-10-12T15:42:15 IST" name="testregisterUser" data-provider="Testdata1" finished-at="2023-10-12T15:42:17 IST" duration-ms="2426" status="PASS">
          <params>
            <param index="0">
              <value>
                <![CDATA[admin4]]>
              </value>
            </param>
            <param index="1">
              <value>
                <![CDATA[admi4]]>
              </value>
            </param>
            <param index="2">
              <value>
                <![CDATA[admin4@gmail.com]]>
              </value>
            </param>
            <param index="3">
              <value>
                <![CDATA[1.1111111E7]]>
              </value>
            </param>
            <param index="4">
              <value>
                <![CDATA[admin1]]>
              </value>
            </param>
            <param index="5">
              <value>
                <![CDATA[admin1]]>
              </value>
            </param>
          </params>
          <reporter-output>
          </reporter-output>
        </test-method> <!-- testregisterUser -->
        <test-method is-config="true" signature="CloseApp()[pri:0, instance:com.ninja.qa.TestPages.TestRegisterPage@712625fd]" started-at="2023-10-12T15:42:17 IST" name="CloseApp" finished-at="2023-10-12T15:42:17 IST" duration-ms="181" status="PASS">
          <reporter-output>
          </reporter-output>
        </test-method> <!-- CloseApp -->
        <test-method is-config="true" signature="generateTestStatus(java.lang.reflect.Method,org.testng.ITestResult)[pri:0, instance:com.ninja.qa.TestPages.TestRegisterPage@712625fd]" started-at="2023-10-12T15:42:17 IST" name="generateTestStatus" finished-at="2023-10-12T15:42:17 IST" duration-ms="1" status="PASS">
          <params>
            <param index="0">
              <value>
                <![CDATA[public void com.ninja.qa.TestPages.TestRegisterPage.testregisterUser(java.lang.String,java.lang.String,java.lang.String,java.lang.String,java.lang.String,java.lang.String) throws java.lang.InterruptedException]]>
              </value>
            </param>
            <param index="1">
              <value>
                <![CDATA[[TestResult name=testregisterUser status=SUCCESS method=TestRegisterPage.testregisterUser(java.lang.String,java.lang.String,java.lang.String,java.lang.String,java.lang.String,java.lang.String)[pri:49, instance:com.ninja.qa.TestPages.TestRegisterPage@712625fd] output={null}]]]>
              </value>
            </param>
          </params>
          <reporter-output>
          </reporter-output>
        </test-method> <!-- generateTestStatus -->
        <test-method is-config="true" signature="OpenApp()[pri:0, instance:com.ninja.qa.TestPages.TestRegisterPage@712625fd]" started-at="2023-10-12T15:42:17 IST" name="OpenApp" finished-at="2023-10-12T15:42:19 IST" duration-ms="1534" status="PASS">
          <reporter-output>
          </reporter-output>
        </test-method> <!-- OpenApp -->
        <test-method signature="testregisterUser(java.lang.String,java.lang.String,java.lang.String,java.lang.String,java.lang.String,java.lang.String)[pri:49, instance:com.ninja.qa.TestPages.TestRegisterPage@712625fd]" started-at="2023-10-12T15:42:19 IST" name="testregisterUser" data-provider="Testdata1" finished-at="2023-10-12T15:42:21 IST" duration-ms="2447" status="PASS">
          <params>
            <param index="0">
              <value>
                <![CDATA[admin5]]>
              </value>
            </param>
            <param index="1">
              <value>
                <![CDATA[admi5]]>
              </value>
            </param>
            <param index="2">
              <value>
                <![CDATA[admin5@gmail.com]]>
              </value>
            </param>
            <param index="3">
              <value>
                <![CDATA[1.1111111E7]]>
              </value>
            </param>
            <param index="4">
              <value>
                <![CDATA[admin1]]>
              </value>
            </param>
            <param index="5">
              <value>
                <![CDATA[admin1]]>
              </value>
            </param>
          </params>
          <reporter-output>
          </reporter-output>
        </test-method> <!-- testregisterUser -->
        <test-method is-config="true" signature="CloseApp()[pri:0, instance:com.ninja.qa.TestPages.TestRegisterPage@712625fd]" started-at="2023-10-12T15:42:21 IST" name="CloseApp" finished-at="2023-10-12T15:42:21 IST" duration-ms="176" status="PASS">
          <reporter-output>
          </reporter-output>
        </test-method> <!-- CloseApp -->
        <test-method is-config="true" signature="generateTestStatus(java.lang.reflect.Method,org.testng.ITestResult)[pri:0, instance:com.ninja.qa.TestPages.TestRegisterPage@712625fd]" started-at="2023-10-12T15:42:21 IST" name="generateTestStatus" finished-at="2023-10-12T15:42:21 IST" duration-ms="1" status="PASS">
          <params>
            <param index="0">
              <value>
                <![CDATA[public void com.ninja.qa.TestPages.TestRegisterPage.testregisterUser(java.lang.String,java.lang.String,java.lang.String,java.lang.String,java.lang.String,java.lang.String) throws java.lang.InterruptedException]]>
              </value>
            </param>
            <param index="1">
              <value>
                <![CDATA[[TestResult name=testregisterUser status=SUCCESS method=TestRegisterPage.testregisterUser(java.lang.String,java.lang.String,java.lang.String,java.lang.String,java.lang.String,java.lang.String)[pri:49, instance:com.ninja.qa.TestPages.TestRegisterPage@712625fd] output={null}]]]>
              </value>
            </param>
          </params>
          <reporter-output>
          </reporter-output>
        </test-method> <!-- generateTestStatus -->
        <test-method is-config="true" signature="generateReports()[pri:0, instance:com.ninja.qa.TestPages.TestRegisterPage@712625fd]" started-at="2023-10-12T15:42:21 IST" name="generateReports" finished-at="2023-10-12T15:42:22 IST" duration-ms="532" status="PASS">
          <reporter-output>
          </reporter-output>
        </test-method> <!-- generateReports -->
      </class> <!-- com.ninja.qa.TestPages.TestRegisterPage -->
    </test> <!-- POMframework -->
  </suite> <!-- test1 -->
</testng-results>
