<?xml version="1.0" encoding="UTF-8"?>
<testng-results ignored="3" total="8" passed="5" failed="0" skipped="0">
  <reporter-output>
  </reporter-output>
  <suite started-at="2023-10-12T13:43:48 IST" name="test1" finished-at="2023-10-12T13:44:10 IST" duration-ms="22170">
    <groups>
    </groups>
    <test started-at="2023-10-12T13:43:48 IST" name="POMframework" finished-at="2023-10-12T13:44:10 IST" duration-ms="22170">
      <class name="com.ninja.qa.TestPages.TestRegisterPage">
        <test-method is-config="true" signature="InitalizeExtentReport()[pri:0, instance:com.ninja.qa.TestPages.TestRegisterPage@712625fd]" started-at="2023-10-12T13:43:47 IST" name="InitalizeExtentReport" finished-at="2023-10-12T13:43:48 IST" duration-ms="169" status="PASS">
          <reporter-output>
          </reporter-output>
        </test-method> <!-- InitalizeExtentReport -->
        <test-method is-config="true" signature="getnameMethod(org.testng.ITestContext)[pri:0, instance:com.ninja.qa.TestPages.TestRegisterPage@712625fd]" started-at="2023-10-12T13:43:48 IST" name="getnameMethod" finished-at="2023-10-12T13:43:48 IST" duration-ms="7" status="PASS">
          <params>
            <param index="0">
              <value>
                <![CDATA[org.testng.TestRunner@e162a35]]>
              </value>
            </param>
          </params>
          <reporter-output>
          </reporter-output>
        </test-method> <!-- getnameMethod -->
        <test-method is-config="true" signature="OpenApp()[pri:0, instance:com.ninja.qa.TestPages.TestRegisterPage@712625fd]" started-at="2023-10-12T13:43:48 IST" name="OpenApp" finished-at="2023-10-12T13:43:51 IST" duration-ms="2874" status="PASS">
          <reporter-output>
          </reporter-output>
        </test-method> <!-- OpenApp -->
        <test-method signature="testregisterUser(java.lang.String,java.lang.String,java.lang.String,java.lang.String,java.lang.String,java.lang.String)[pri:49, instance:com.ninja.qa.TestPages.TestRegisterPage@712625fd]" started-at="2023-10-12T13:43:51 IST" name="testregisterUser" data-provider="Testdata1" finished-at="2023-10-12T13:43:53 IST" duration-ms="2387" status="PASS">
          <params>
            <param index="0">
              <value>
                <![CDATA[admin1]]>
              </value>
            </param>
            <param index="1">
              <value>
                <![CDATA[admi1]]>
              </value>
            </param>
            <param index="2">
              <value>
                <![CDATA[admin1@gmail.com]]>
              </value>
            </param>
            <param index="3">
              <value>
                <![CDATA[1.1111111E7]]>
              </value>
            </param>
            <param index="4">
              <value>
                <![CDATA[admin1]]>
              </value>
            </param>
            <param index="5">
              <value>
                <![CDATA[admin1]]>
              </value>
            </param>
          </params>
          <reporter-output>
          </reporter-output>
        </test-method> <!-- testregisterUser -->
        <test-method is-config="true" signature="CloseApp()[pri:0, instance:com.ninja.qa.TestPages.TestRegisterPage@712625fd]" started-at="2023-10-12T13:43:53 IST" name="CloseApp" finished-at="2023-10-12T13:43:53 IST" duration-ms="131" status="PASS">
          <reporter-output>
          </reporter-output>
        </test-method> <!-- CloseApp -->
        <test-method is-config="true" signature="generateTestStatus(java.lang.reflect.Method,org.testng.ITestResult)[pri:0, instance:com.ninja.qa.TestPages.TestRegisterPage@712625fd]" started-at="2023-10-12T13:43:53 IST" name="generateTestStatus" finished-at="2023-10-12T13:43:53 IST" duration-ms="3" status="PASS">
          <params>
            <param index="0">
              <value>
                <![CDATA[public void com.ninja.qa.TestPages.TestRegisterPage.testregisterUser(java.lang.String,java.lang.String,java.lang.String,java.lang.String,java.lang.String,java.lang.String) throws java.lang.InterruptedException]]>
              </value>
            </param>
            <param index="1">
              <value>
                <![CDATA[[TestResult name=testregisterUser status=SUCCESS method=TestRegisterPage.testregisterUser(java.lang.String,java.lang.String,java.lang.String,java.lang.String,java.lang.String,java.lang.String)[pri:49, instance:com.ninja.qa.TestPages.TestRegisterPage@712625fd] output={null}]]]>
              </value>
            </param>
          </params>
          <reporter-output>
          </reporter-output>
        </test-method> <!-- generateTestStatus -->
        <test-method is-config="true" signature="OpenApp()[pri:0, instance:com.ninja.qa.TestPages.TestRegisterPage@712625fd]" started-at="2023-10-12T13:43:53 IST" name="OpenApp" finished-at="2023-10-12T13:43:55 IST" duration-ms="1597" status="PASS">
          <reporter-output>
          </reporter-output>
        </test-method> <!-- OpenApp -->
        <test-method signature="testregisterUser(java.lang.String,java.lang.String,java.lang.String,java.lang.String,java.lang.String,java.lang.String)[pri:49, instance:com.ninja.qa.TestPages.TestRegisterPage@712625fd]" started-at="2023-10-12T13:43:55 IST" name="testregisterUser" data-provider="Testdata1" finished-at="2023-10-12T13:43:57 IST" duration-ms="2396" status="PASS">
          <params>
            <param index="0">
              <value>
                <![CDATA[admin2]]>
              </value>
            </param>
            <param index="1">
              <value>
                <![CDATA[admi2]]>
              </value>
            </param>
            <param index="2">
              <value>
                <![CDATA[admin2@gmail.com]]>
              </value>
            </param>
            <param index="3">
              <value>
                <![CDATA[1.1111111E7]]>
              </value>
            </param>
            <param index="4">
              <value>
                <![CDATA[admin1]]>
              </value>
            </param>
            <param index="5">
              <value>
                <![CDATA[admin1]]>
              </value>
            </param>
          </params>
          <reporter-output>
          </reporter-output>
        </test-method> <!-- testregisterUser -->
        <test-method is-config="true" signature="CloseApp()[pri:0, instance:com.ninja.qa.TestPages.TestRegisterPage@712625fd]" started-at="2023-10-12T13:43:57 IST" name="CloseApp" finished-at="2023-10-12T13:43:57 IST" duration-ms="141" status="PASS">
          <reporter-output>
          </reporter-output>
        </test-method> <!-- CloseApp -->
        <test-method is-config="true" signature="generateTestStatus(java.lang.reflect.Method,org.testng.ITestResult)[pri:0, instance:com.ninja.qa.TestPages.TestRegisterPage@712625fd]" started-at="2023-10-12T13:43:57 IST" name="generateTestStatus" finished-at="2023-10-12T13:43:57 IST" duration-ms="1" status="PASS">
          <params>
            <param index="0">
              <value>
                <![CDATA[public void com.ninja.qa.TestPages.TestRegisterPage.testregisterUser(java.lang.String,java.lang.String,java.lang.String,java.lang.String,java.lang.String,java.lang.String) throws java.lang.InterruptedException]]>
              </value>
            </param>
            <param index="1">
              <value>
                <![CDATA[[TestResult name=testregisterUser status=SUCCESS method=TestRegisterPage.testregisterUser(java.lang.String,java.lang.String,java.lang.String,java.lang.String,java.lang.String,java.lang.String)[pri:49, instance:com.ninja.qa.TestPages.TestRegisterPage@712625fd] output={null}]]]>
              </value>
            </param>
          </params>
          <reporter-output>
          </reporter-output>
        </test-method> <!-- generateTestStatus -->
        <test-method is-config="true" signature="OpenApp()[pri:0, instance:com.ninja.qa.TestPages.TestRegisterPage@712625fd]" started-at="2023-10-12T13:43:57 IST" name="OpenApp" finished-at="2023-10-12T13:43:59 IST" duration-ms="1573" status="PASS">
          <reporter-output>
          </reporter-output>
        </test-method> <!-- OpenApp -->
        <test-method signature="testregisterUser(java.lang.String,java.lang.String,java.lang.String,java.lang.String,java.lang.String,java.lang.String)[pri:49, instance:com.ninja.qa.TestPages.TestRegisterPage@712625fd]" started-at="2023-10-12T13:43:59 IST" name="testregisterUser" data-provider="Testdata1" finished-at="2023-10-12T13:44:01 IST" duration-ms="2392" status="PASS">
          <params>
            <param index="0">
              <value>
                <![CDATA[admin3]]>
              </value>
            </param>
            <param index="1">
              <value>
                <![CDATA[admi3]]>
              </value>
            </param>
            <param index="2">
              <value>
                <![CDATA[admin3@gmail.com]]>
              </value>
            </param>
            <param index="3">
              <value>
                <![CDATA[1.1111111E7]]>
              </value>
            </param>
            <param index="4">
              <value>
                <![CDATA[admin1]]>
              </value>
            </param>
            <param index="5">
              <value>
                <![CDATA[admin1]]>
              </value>
            </param>
          </params>
          <reporter-output>
          </reporter-output>
        </test-method> <!-- testregisterUser -->
        <test-method is-config="true" signature="CloseApp()[pri:0, instance:com.ninja.qa.TestPages.TestRegisterPage@712625fd]" started-at="2023-10-12T13:44:01 IST" name="CloseApp" finished-at="2023-10-12T13:44:01 IST" duration-ms="136" status="PASS">
          <reporter-output>
          </reporter-output>
        </test-method> <!-- CloseApp -->
        <test-method is-config="true" signature="generateTestStatus(java.lang.reflect.Method,org.testng.ITestResult)[pri:0, instance:com.ninja.qa.TestPages.TestRegisterPage@712625fd]" started-at="2023-10-12T13:44:01 IST" name="generateTestStatus" finished-at="2023-10-12T13:44:01 IST" duration-ms="0" status="PASS">
          <params>
            <param index="0">
              <value>
                <![CDATA[public void com.ninja.qa.TestPages.TestRegisterPage.testregisterUser(java.lang.String,java.lang.String,java.lang.String,java.lang.String,java.lang.String,java.lang.String) throws java.lang.InterruptedException]]>
              </value>
            </param>
            <param index="1">
              <value>
                <![CDATA[[TestResult name=testregisterUser status=SUCCESS method=TestRegisterPage.testregisterUser(java.lang.String,java.lang.String,java.lang.String,java.lang.String,java.lang.String,java.lang.String)[pri:49, instance:com.ninja.qa.TestPages.TestRegisterPage@712625fd] output={null}]]]>
              </value>
            </param>
          </params>
          <reporter-output>
          </reporter-output>
        </test-method> <!-- generateTestStatus -->
        <test-method is-config="true" signature="OpenApp()[pri:0, instance:com.ninja.qa.TestPages.TestRegisterPage@712625fd]" started-at="2023-10-12T13:44:01 IST" name="OpenApp" finished-at="2023-10-12T13:44:03 IST" duration-ms="1626" status="PASS">
          <reporter-output>
          </reporter-output>
        </test-method> <!-- OpenApp -->
        <test-method signature="testregisterUser(java.lang.String,java.lang.String,java.lang.String,java.lang.String,java.lang.String,java.lang.String)[pri:49, instance:com.ninja.qa.TestPages.TestRegisterPage@712625fd]" started-at="2023-10-12T13:44:03 IST" name="testregisterUser" data-provider="Testdata1" finished-at="2023-10-12T13:44:06 IST" duration-ms="2378" status="PASS">
          <params>
            <param index="0">
              <value>
                <![CDATA[admin4]]>
              </value>
            </param>
            <param index="1">
              <value>
                <![CDATA[admi4]]>
              </value>
            </param>
            <param index="2">
              <value>
                <![CDATA[admin4@gmail.com]]>
              </value>
            </param>
            <param index="3">
              <value>
                <![CDATA[1.1111111E7]]>
              </value>
            </param>
            <param index="4">
              <value>
                <![CDATA[admin1]]>
              </value>
            </param>
            <param index="5">
              <value>
                <![CDATA[admin1]]>
              </value>
            </param>
          </params>
          <reporter-output>
          </reporter-output>
        </test-method> <!-- testregisterUser -->
        <test-method is-config="true" signature="CloseApp()[pri:0, instance:com.ninja.qa.TestPages.TestRegisterPage@712625fd]" started-at="2023-10-12T13:44:06 IST" name="CloseApp" finished-at="2023-10-12T13:44:06 IST" duration-ms="128" status="PASS">
          <reporter-output>
          </reporter-output>
        </test-method> <!-- CloseApp -->
        <test-method is-config="true" signature="generateTestStatus(java.lang.reflect.Method,org.testng.ITestResult)[pri:0, instance:com.ninja.qa.TestPages.TestRegisterPage@712625fd]" started-at="2023-10-12T13:44:06 IST" name="generateTestStatus" finished-at="2023-10-12T13:44:06 IST" duration-ms="0" status="PASS">
          <params>
            <param index="0">
              <value>
                <![CDATA[public void com.ninja.qa.TestPages.TestRegisterPage.testregisterUser(java.lang.String,java.lang.String,java.lang.String,java.lang.String,java.lang.String,java.lang.String) throws java.lang.InterruptedException]]>
              </value>
            </param>
            <param index="1">
              <value>
                <![CDATA[[TestResult name=testregisterUser status=SUCCESS method=TestRegisterPage.testregisterUser(java.lang.String,java.lang.String,java.lang.String,java.lang.String,java.lang.String,java.lang.String)[pri:49, instance:com.ninja.qa.TestPages.TestRegisterPage@712625fd] output={null}]]]>
              </value>
            </param>
          </params>
          <reporter-output>
          </reporter-output>
        </test-method> <!-- generateTestStatus -->
        <test-method is-config="true" signature="OpenApp()[pri:0, instance:com.ninja.qa.TestPages.TestRegisterPage@712625fd]" started-at="2023-10-12T13:44:06 IST" name="OpenApp" finished-at="2023-10-12T13:44:07 IST" duration-ms="1551" status="PASS">
          <reporter-output>
          </reporter-output>
        </test-method> <!-- OpenApp -->
        <test-method signature="testregisterUser(java.lang.String,java.lang.String,java.lang.String,java.lang.String,java.lang.String,java.lang.String)[pri:49, instance:com.ninja.qa.TestPages.TestRegisterPage@712625fd]" started-at="2023-10-12T13:44:07 IST" name="testregisterUser" data-provider="Testdata1" finished-at="2023-10-12T13:44:10 IST" duration-ms="2378" status="PASS">
          <params>
            <param index="0">
              <value>
                <![CDATA[admin5]]>
              </value>
            </param>
            <param index="1">
              <value>
                <![CDATA[admi5]]>
              </value>
            </param>
            <param index="2">
              <value>
                <![CDATA[admin5@gmail.com]]>
              </value>
            </param>
            <param index="3">
              <value>
                <![CDATA[1.1111111E7]]>
              </value>
            </param>
            <param index="4">
              <value>
                <![CDATA[admin1]]>
              </value>
            </param>
            <param index="5">
              <value>
                <![CDATA[admin1]]>
              </value>
            </param>
          </params>
          <reporter-output>
          </reporter-output>
        </test-method> <!-- testregisterUser -->
        <test-method is-config="true" signature="CloseApp()[pri:0, instance:com.ninja.qa.TestPages.TestRegisterPage@712625fd]" started-at="2023-10-12T13:44:10 IST" name="CloseApp" finished-at="2023-10-12T13:44:10 IST" duration-ms="121" status="PASS">
          <reporter-output>
          </reporter-output>
        </test-method> <!-- CloseApp -->
        <test-method is-config="true" signature="generateTestStatus(java.lang.reflect.Method,org.testng.ITestResult)[pri:0, instance:com.ninja.qa.TestPages.TestRegisterPage@712625fd]" started-at="2023-10-12T13:44:10 IST" name="generateTestStatus" finished-at="2023-10-12T13:44:10 IST" duration-ms="0" status="PASS">
          <params>
            <param index="0">
              <value>
                <![CDATA[public void com.ninja.qa.TestPages.TestRegisterPage.testregisterUser(java.lang.String,java.lang.String,java.lang.String,java.lang.String,java.lang.String,java.lang.String) throws java.lang.InterruptedException]]>
              </value>
            </param>
            <param index="1">
              <value>
                <![CDATA[[TestResult name=testregisterUser status=SUCCESS method=TestRegisterPage.testregisterUser(java.lang.String,java.lang.String,java.lang.String,java.lang.String,java.lang.String,java.lang.String)[pri:49, instance:com.ninja.qa.TestPages.TestRegisterPage@712625fd] output={null}]]]>
              </value>
            </param>
          </params>
          <reporter-output>
          </reporter-output>
        </test-method> <!-- generateTestStatus -->
        <test-method is-config="true" signature="generateReports()[pri:0, instance:com.ninja.qa.TestPages.TestRegisterPage@712625fd]" started-at="2023-10-12T13:44:10 IST" name="generateReports" finished-at="2023-10-12T13:44:10 IST" duration-ms="410" status="PASS">
          <reporter-output>
          </reporter-output>
        </test-method> <!-- generateReports -->
      </class> <!-- com.ninja.qa.TestPages.TestRegisterPage -->
    </test> <!-- POMframework -->
  </suite> <!-- test1 -->
</testng-results>
