<?xml version="1.0" encoding="UTF-8"?>
<!-- Generated by org.testng.reporters.JUnitXMLReporter -->
<testsuite ignored="2" hostname="MSI" failures="1" tests="1" name="Test WikiPage" time="5.712" errors="0" timestamp="2023-10-11T21:03:24 IST">
  <testcase classname="com.app.TestNG.ExtentReports.TestClass" name="method" time="2.953">
    <failure type="java.lang.AssertionError" message="They donot match expected [Wiki Login] but found [Create account - Wikipedia]">
      <![CDATA[java.lang.AssertionError: They donot match expected [Wiki Login] but found [Create account - Wikipedia]
at com.app.TestNG.ExtentReports.TestClass.method(TestClass.java:20)
at java.base/java.util.ArrayList.forEach(ArrayList.java:1511)
... Removed 32 stack frames]]>
    </failure>
  </testcase> <!-- method -->
  <testcase classname="com.app.TestNG.ExtentReports.TestClass" name="method2" time="0.0">
    <ignored/>
  </testcase> <!-- method2 -->
  <testcase classname="com.app.TestNG.ExtentReports.TestClass" name="method3" time="0.0">
    <ignored/>
  </testcase> <!-- method3 -->
</testsuite> <!-- Test WikiPage -->
