<?xml version="1.0" encoding="UTF-8"?>
<!-- Generated by org.testng.reporters.JUnitXMLReporter -->
<testsuite ignored="2" hostname="MSI" failures="0" tests="1" name="Test rediffPage" time="2.655" errors="0" timestamp="2023-10-11T21:03:29 IST">
  <testcase classname="com.app.TestNG.ExtentReports.TestClass" name="method3" time="1.582"/>
  <testcase classname="com.app.TestNG.ExtentReports.TestClass" name="method2" time="0.0">
    <ignored/>
  </testcase> <!-- method2 -->
  <testcase classname="com.app.TestNG.ExtentReports.TestClass" name="method" time="0.0">
    <ignored/>
  </testcase> <!-- method -->
</testsuite> <!-- Test rediffPage -->
