<?xml version="1.0" encoding="UTF-8"?>
<!-- Generated by org.testng.reporters.JUnitXMLReporter -->
<testsuite ignored="2" hostname="MSI" failures="0" tests="1" name="Test facebookpage" time="1.914" errors="0" timestamp="2023-10-11T21:03:26 IST">
  <testcase classname="com.app.TestNG.ExtentReports.TestClass" name="method2" time="0.834"/>
  <testcase classname="com.app.TestNG.ExtentReports.TestClass" name="method" time="0.0">
    <ignored/>
  </testcase> <!-- method -->
  <testcase classname="com.app.TestNG.ExtentReports.TestClass" name="method3" time="0.0">
    <ignored/>
  </testcase> <!-- method3 -->
</testsuite> <!-- Test facebookpage -->
