<?xml version="1.0" encoding="UTF-8"?>
<!-- Generated by org.testng.reporters.JUnitXMLReporter -->
<testsuite ignored="3" hostname="MSI" failures="1" tests="1" name="POMframework" time="0.027" errors="0" timestamp="2023-10-12T12:42:36 IST">
  <testcase classname="com.ninja.qa.TestPages.TestRegisterPage" name="testregisterUser" time="0.0">
    <failure type="java.lang.RuntimeException" message="java.io.FileNotFoundException: C:\Users\sonal\Desktop\Excels\Registerninja.xlsx (The system cannot find the path specified)">
      <![CDATA[java.lang.RuntimeException: java.io.FileNotFoundException: C:\Users\sonal\Desktop\Excels\Registerninja.xlsx (The system cannot find the path specified)
at java.base/java.util.ArrayList.forEach(ArrayList.java:1511)
Caused by: java.io.FileNotFoundException: C:\Users\sonal\Desktop\Excels\Registerninja.xlsx (The system cannot find the path specified)
at java.base/java.io.FileInputStream.open0(Native Method)
at java.base/java.io.FileInputStream.open(FileInputStream.java:216)
at java.base/java.io.FileInputStream.<init>(FileInputStream.java:157)
at java.base/java.io.FileInputStream.<init>(FileInputStream.java:111)
at com.ninja.qa.Utitlites.Xls_DataProvider.getTestData(Xls_DataProvider.java:21)
at com.ninja.qa.TestPages.TestRegisterPage.datasupplier(TestRegisterPage.java:47)
... 25 more
... Removed 32 stack frames]]>
    </failure>
  </testcase> <!-- testregisterUser -->
  <testcase classname="com.ninja.qa.Base.TestBase" name="@BeforeSuite InitalizeExtentReport" time="0.0">
    <ignored/>
  </testcase> <!-- @BeforeSuite InitalizeExtentReport -->
  <testcase classname="com.ninja.qa.Base.TestBase" name="@AfterSuite generateReports" time="0.0">
    <ignored/>
  </testcase> <!-- @AfterSuite generateReports -->
  <testcase classname="com.ninja.qa.Base.TestBase" name="@BeforeTest getnameMethod" time="0.0">
    <ignored/>
  </testcase> <!-- @BeforeTest getnameMethod -->
</testsuite> <!-- POMframework -->
