<?xml version="1.0" encoding="UTF-8"?>
<!-- Generated by org.testng.reporters.JUnitXMLReporter -->
<testsuite ignored="6" hostname="MSI" failures="0" tests="3" name="TestCycle1" time="9.779" errors="0" timestamp="2023-10-06T09:32:46 IST">
  <testcase classname="com.app.TestNGScripts.BeforeAfterClass" name="GetTitle" time="0.012"/>
  <testcase classname="com.app.TestNGScripts.testNg1" name="gettitle" time="5.311"/>
  <testcase classname="com.app.TestNGScripts.PrePostCondtions" name="Login" time="2.347"/>
  <testcase classname="com.app.TestNGScripts.testNg1" name="Login" time="0.0">
    <ignored/>
  </testcase> <!-- Login -->
  <testcase classname="com.app.TestNGScripts.BeforeAfterClass" name="login" time="0.0">
    <ignored/>
  </testcase> <!-- login -->
  <testcase classname="com.app.TestNGScripts.BeforeAfterClass" name="logout" time="0.0">
    <ignored/>
  </testcase> <!-- logout -->
  <testcase classname="com.app.TestNGScripts.testNg1" name="Logout" time="0.0">
    <ignored/>
  </testcase> <!-- Logout -->
  <testcase classname="com.app.TestNGScripts.PrePostCondtions" name="Logout" time="0.0">
    <ignored/>
  </testcase> <!-- Logout -->
  <testcase classname="com.app.TestNGScripts.PrePostCondtions" name="gettitle" time="0.0">
    <ignored/>
  </testcase> <!-- gettitle -->
</testsuite> <!-- TestCycle1 -->
