<?xml version="1.0" encoding="UTF-8"?>
<testng-results ignored="0" total="1" passed="1" failed="0" skipped="0">
  <reporter-output>
  </reporter-output>
  <suite started-at="2023-12-02T16:03:03 IST" name="Default suite" finished-at="2023-12-02T16:03:11 IST" duration-ms="7642">
    <groups>
    </groups>
    <test started-at="2023-12-02T16:03:03 IST" name="Default test" finished-at="2023-12-02T16:03:11 IST" duration-ms="7642">
      <class name="Node_Hub.base">
        <test-method signature="Grid1()[pri:0, instance:Node_Hub.base@4b45a2f5]" started-at="2023-12-02T16:03:03 IST" name="Grid1" finished-at="2023-12-02T16:03:11 IST" duration-ms="7607" status="PASS">
          <reporter-output>
          </reporter-output>
        </test-method> <!-- Grid1 -->
      </class> <!-- Node_Hub.base -->
    </test> <!-- Default test -->
  </suite> <!-- Default suite -->
</testng-results>
