<?xml version="1.0" encoding="UTF-8"?>
<!-- Generated by org.testng.reporters.JUnitXMLReporter -->
<testsuite ignored="3" hostname="MSI" failures="0" tests="5" name="POMframework" time="39.559" errors="0" timestamp="2023-10-12T15:42:21 IST">
  <testcase classname="com.ninja.qa.TestPages.TestRegisterPage" name="testregisterUser" time="18.889"/>
  <testcase classname="com.ninja.qa.TestPages.TestRegisterPage" name="testregisterUser" time="2.464"/>
  <testcase classname="com.ninja.qa.TestPages.TestRegisterPage" name="testregisterUser" time="2.468"/>
  <testcase classname="com.ninja.qa.TestPages.TestRegisterPage" name="testregisterUser" time="2.426"/>
  <testcase classname="com.ninja.qa.TestPages.TestRegisterPage" name="testregisterUser" time="2.447"/>
  <testcase classname="com.ninja.qa.Base.TestBase" name="@BeforeSuite InitalizeExtentReport" time="0.0">
    <ignored/>
  </testcase> <!-- @BeforeSuite InitalizeExtentReport -->
  <testcase classname="com.ninja.qa.Base.TestBase" name="@AfterSuite generateReports" time="0.0">
    <ignored/>
  </testcase> <!-- @AfterSuite generateReports -->
  <testcase classname="com.ninja.qa.Base.TestBase" name="@BeforeTest getnameMethod" time="0.0">
    <ignored/>
  </testcase> <!-- @BeforeTest getnameMethod -->
</testsuite> <!-- POMframework -->
