<?xml version="1.0" encoding="UTF-8"?>
<testng-results ignored="0" total="4" passed="4" failed="0" skipped="0">
  <reporter-output>
  </reporter-output>
  <suite started-at="2023-11-10T16:43:53 IST" name="Default suite" finished-at="2023-11-10T16:43:59 IST" duration-ms="6306">
    <groups>
    </groups>
    <test started-at="2023-11-10T16:43:53 IST" name="Default test" finished-at="2023-11-10T16:43:59 IST" duration-ms="6306">
      <class name="PhaseEndProject.Assignment003">
        <test-method signature="Get003()[pri:49, instance:PhaseEndProject.Assignment003@5d0a1059]" started-at="2023-11-10T16:43:53 IST" name="Get003" finished-at="2023-11-10T16:43:55 IST" duration-ms="2559" status="PASS">
          <reporter-output>
          </reporter-output>
        </test-method> <!-- Get003 -->
        <test-method signature="assignment004login()[pri:50, instance:PhaseEndProject.Assignment003@5d0a1059]" started-at="2023-11-10T16:43:55 IST" name="assignment004login" finished-at="2023-11-10T16:43:57 IST" duration-ms="1168" status="PASS">
          <reporter-output>
          </reporter-output>
        </test-method> <!-- assignment004login -->
        <test-method signature="Assignment005()[pri:51, instance:PhaseEndProject.Assignment003@5d0a1059]" started-at="2023-11-10T16:43:57 IST" name="Assignment005" finished-at="2023-11-10T16:43:58 IST" duration-ms="1420" status="PASS">
          <reporter-output>
          </reporter-output>
        </test-method> <!-- Assignment005 -->
        <test-method signature="assignment006()[pri:52, instance:PhaseEndProject.Assignment003@5d0a1059]" started-at="2023-11-10T16:43:58 IST" name="assignment006" finished-at="2023-11-10T16:43:59 IST" duration-ms="1119" status="PASS">
          <reporter-output>
          </reporter-output>
        </test-method> <!-- assignment006 -->
      </class> <!-- PhaseEndProject.Assignment003 -->
    </test> <!-- Default test -->
  </suite> <!-- Default suite -->
</testng-results>
